#
# There is insufficient memory for the Java Runtime Environment to continue.
# Native memory allocation (malloc) failed to allocate 1141776 bytes. Error detail: Chunk::new
# Possible reasons:
#   The system is out of physical RAM or swap space
#   This process is running with CompressedOops enabled, and the Java Heap may be blocking the growth of the native heap
# Possible solutions:
#   Reduce memory load on the system
#   Increase physical memory or swap space
#   Check if swap backing store is full
#   Decrease Java heap size (-Xmx/-Xms)
#   Decrease number of Java threads
#   Decrease Java thread stack sizes (-Xss)
#   Set larger code cache with -XX:ReservedCodeCacheSize=
#   JVM is running with Unscaled Compressed Oops mode in which the Java heap is
#     placed in the first 4GB address space. The Java Heap base address is the
#     maximum limit for the native heap growth. Please use -XX:HeapBaseMinAddress
#     to set the Java Heap base and to place the Java Heap above 4GB virtual address.
# This output file may be truncated or incomplete.
#
#  Out of Memory Error (arena.cpp:168), pid=15980, tid=16936
#
# JRE version: OpenJDK Runtime Environment Temurin-21.0.4+7 (21.0.4+7) (build 21.0.4+7-LTS)
# Java VM: OpenJDK 64-Bit Server VM Temurin-21.0.4+7 (21.0.4+7-LTS, mixed mode, sharing, tiered, compressed oops, compressed class ptrs, g1 gc, windows-amd64)
# No core dump will be written. Minidumps are not enabled by default on client versions of Windows
#

---------------  S U M M A R Y ------------

Command Line: -javaagent:C:\Program Files\JetBrains\IntelliJ IDEA Community Edition 2024.2.1\lib\idea_rt.jar=60292:C:\Program Files\JetBrains\IntelliJ IDEA Community Edition 2024.2.1\bin -Dfile.encoding=UTF-8 -Dsun.stdout.encoding=UTF-8 -Dsun.stderr.encoding=UTF-8 com.api.timetabler.TimetablerApplication

Host: Intel(R) Core(TM) i5-8365U CPU @ 1.60GHz, 8 cores, 7G,  Windows 11 , 64 bit Build 22621 (10.0.22621.4391)
Time: Tue Nov 19 14:15:18 2024 E. Africa Standard Time elapsed time: 2.161894 seconds (0d 0h 0m 2s)

---------------  T H R E A D  ---------------

Current thread (0x00000207f5a5b570):  JavaThread "C2 CompilerThread1" daemon [_thread_in_native, id=16936, stack(0x000000900ed00000,0x000000900ee00000) (1024K)]


Current CompileTask:
C2:   2161 2565   !   4       java.net.URL::<init> (543 bytes)

Stack: [0x000000900ed00000,0x000000900ee00000]
Native frames: (J=compiled Java code, j=interpreted, Vv=VM code, C=native code)
V  [jvm.dll+0x6cbcf9]
V  [jvm.dll+0x8a5551]
V  [jvm.dll+0x8a7a7e]
V  [jvm.dll+0x8a8153]
V  [jvm.dll+0x27eca6]
V  [jvm.dll+0xc4aad]
V  [jvm.dll+0xc4fe3]
V  [jvm.dll+0x3b5102]
V  [jvm.dll+0x3815a5]
V  [jvm.dll+0x380a0a]
V  [jvm.dll+0x247110]
V  [jvm.dll+0x2466ef]
V  [jvm.dll+0x1c6f7e]
V  [jvm.dll+0x255e7a]
V  [jvm.dll+0x25441a]
V  [jvm.dll+0x3eeef6]
V  [jvm.dll+0x84f17b]
V  [jvm.dll+0x6ca3fd]
C  [ucrtbase.dll+0x29333]
C  [KERNEL32.DLL+0x1259d]
C  [ntdll.dll+0x5af38]


---------------  P R O C E S S  ---------------

Threads class SMR info:
_java_thread_list=0x00000207fb35d440, length=16, elements={
0x00000207d696c540, 0x00000207f56bd010, 0x00000207f56bff40, 0x00000207f56c2fe0,
0x00000207f56c5db0, 0x00000207f56c7180, 0x00000207f56d4760, 0x00000207f56d2b70,
0x00000207f56e4350, 0x00000207f58b3130, 0x00000207f5a5b570, 0x00000207f5b0dae0,
0x00000207f5b0a700, 0x00000207fa615230, 0x00000207fa1496c0, 0x00000207fadd9280
}

Java Threads: ( => current thread )
  0x00000207d696c540 JavaThread "main"                              [_thread_blocked, id=8876, stack(0x000000900dc00000,0x000000900dd00000) (1024K)]
  0x00000207f56bd010 JavaThread "Reference Handler"          daemon [_thread_blocked, id=9004, stack(0x000000900e400000,0x000000900e500000) (1024K)]
  0x00000207f56bff40 JavaThread "Finalizer"                  daemon [_thread_blocked, id=4744, stack(0x000000900e500000,0x000000900e600000) (1024K)]
  0x00000207f56c2fe0 JavaThread "Signal Dispatcher"          daemon [_thread_blocked, id=14844, stack(0x000000900e600000,0x000000900e700000) (1024K)]
  0x00000207f56c5db0 JavaThread "Attach Listener"            daemon [_thread_blocked, id=17068, stack(0x000000900e700000,0x000000900e800000) (1024K)]
  0x00000207f56c7180 JavaThread "Service Thread"             daemon [_thread_blocked, id=4432, stack(0x000000900e800000,0x000000900e900000) (1024K)]
  0x00000207f56d4760 JavaThread "Monitor Deflation Thread"   daemon [_thread_blocked, id=16040, stack(0x000000900e900000,0x000000900ea00000) (1024K)]
  0x00000207f56d2b70 JavaThread "C2 CompilerThread0"         daemon [_thread_in_native, id=1180, stack(0x000000900ea00000,0x000000900eb00000) (1024K)]
  0x00000207f56e4350 JavaThread "C1 CompilerThread0"         daemon [_thread_in_native, id=16608, stack(0x000000900eb00000,0x000000900ec00000) (1024K)]
  0x00000207f58b3130 JavaThread "Common-Cleaner"             daemon [_thread_blocked, id=12028, stack(0x000000900ec00000,0x000000900ed00000) (1024K)]
=>0x00000207f5a5b570 JavaThread "C2 CompilerThread1"         daemon [_thread_in_native, id=16936, stack(0x000000900ed00000,0x000000900ee00000) (1024K)]
  0x00000207f5b0dae0 JavaThread "Monitor Ctrl-Break"         daemon [_thread_in_native, id=11332, stack(0x000000900ee00000,0x000000900ef00000) (1024K)]
  0x00000207f5b0a700 JavaThread "Notification Thread"        daemon [_thread_blocked, id=5624, stack(0x000000900ef00000,0x000000900f000000) (1024K)]
  0x00000207fa615230 JavaThread "Thread-0"                          [_thread_blocked, id=18888, stack(0x000000900f000000,0x000000900f100000) (1024K)]
  0x00000207fa1496c0 JavaThread "restartedMain"                     [_thread_in_Java, id=7192, stack(0x000000900f100000,0x000000900f200000) (1024K)]
  0x00000207fadd9280 JavaThread "C2 CompilerThread2"         daemon [_thread_in_native, id=14768, stack(0x000000900fb00000,0x000000900fc00000) (1024K)]
Total: 16

Other Threads:
  0x00000207f56a3dc0 VMThread "VM Thread"                           [id=3396, stack(0x000000900e300000,0x000000900e400000) (1024K)]
  0x00000207f5687ba0 WatcherThread "VM Periodic Task Thread"        [id=15508, stack(0x000000900e200000,0x000000900e300000) (1024K)]
  0x00000207d8baa830 WorkerThread "GC Thread#0"                     [id=16704, stack(0x000000900dd00000,0x000000900de00000) (1024K)]
  0x00000207f56a3a20 WorkerThread "GC Thread#1"                     [id=3388, stack(0x000000900f200000,0x000000900f300000) (1024K)]
  0x00000207f56a32e0 WorkerThread "GC Thread#2"                     [id=16724, stack(0x000000900f300000,0x000000900f400000) (1024K)]
  0x00000207f56a2460 WorkerThread "GC Thread#3"                     [id=1528, stack(0x000000900f400000,0x000000900f500000) (1024K)]
  0x00000207f56a2ba0 WorkerThread "GC Thread#4"                     [id=14288, stack(0x000000900f500000,0x000000900f600000) (1024K)]
  0x00000207f56a2f40 WorkerThread "GC Thread#5"                     [id=3304, stack(0x000000900f600000,0x000000900f700000) (1024K)]
  0x00000207f56a3680 WorkerThread "GC Thread#6"                     [id=9120, stack(0x000000900f800000,0x000000900f900000) (1024K)]
  0x00000207fb1e46f0 WorkerThread "GC Thread#7"                     [id=17400, stack(0x000000900f900000,0x000000900fa00000) (1024K)]
  0x00000207d8bbb400 ConcurrentGCThread "G1 Main Marker"            [id=6420, stack(0x000000900de00000,0x000000900df00000) (1024K)]
  0x00000207d8bbd6b0 WorkerThread "G1 Conc#0"                       [id=17348, stack(0x000000900df00000,0x000000900e000000) (1024K)]
  0x00000207d8c0e5a0 ConcurrentGCThread "G1 Refine#0"               [id=18712, stack(0x000000900e000000,0x000000900e100000) (1024K)]
  0x00000207f5558310 ConcurrentGCThread "G1 Service"                [id=3488, stack(0x000000900e100000,0x000000900e200000) (1024K)]
Total: 14

Threads with active compile tasks:
C2 CompilerThread0     2186 2346       4       java.lang.invoke.MethodType::methodType (69 bytes)
C1 CompilerThread0     2186 2781       3       org.springframework.core.type.filter.AssignableTypeFilter::matchSuperClass (6 bytes)
C2 CompilerThread1     2186 2565   !   4       java.net.URL::<init> (543 bytes)
C2 CompilerThread2     2186 2336       4       java.lang.invoke.MethodType::makeImpl (109 bytes)
Total: 4

VM state: not at safepoint (normal execution)

VM Mutex/Monitor currently owned by a thread: None

Heap address: 0x0000000082e00000, size: 2002 MB, Compressed Oops mode: 32-bit

CDS archive(s) mapped at: [0x0000020780000000-0x0000020780c90000-0x0000020780c90000), size 13172736, SharedBaseAddress: 0x0000020780000000, ArchiveRelocationMode: 1.
Compressed class space mapped at: 0x0000020781000000-0x00000207c1000000, reserved size: 1073741824
Narrow klass base: 0x0000020780000000, Narrow klass shift: 0, Narrow klass range: 0x100000000

GC Precious Log:
 CardTable entry size: 512
 Card Set container configuration: InlinePtr #cards 5 size 8 Array Of Cards #cards 12 size 40 Howl #buckets 4 coarsen threshold 1843 Howl Bitmap #cards 512 size 80 coarsen threshold 460 Card regions per heap region 1 cards per card region 2048
 CPUs: 8 total, 8 available
 Memory: 8006M
 Large Page Support: Disabled
 NUMA Support: Disabled
 Compressed Oops: Enabled (32-bit)
 Heap Region Size: 1M
 Heap Min Capacity: 8M
 Heap Initial Capacity: 126M
 Heap Max Capacity: 2002M
 Pre-touch: Disabled
 Parallel Workers: 8
 Concurrent Workers: 2
 Concurrent Refinement Workers: 8
 Periodic GC: Disabled

Heap:
 garbage-first heap   total 129024K, used 42196K [0x0000000082e00000, 0x0000000100000000)
  region size 1024K, 36 young (36864K), 3 survivors (3072K)
 Metaspace       used 19478K, committed 19840K, reserved 1114112K
  class space    used 2336K, committed 2496K, reserved 1048576K

Heap Regions: E=young(eden), S=young(survivor), O=old, HS=humongous(starts), HC=humongous(continues), CS=collection set, F=free, TAMS=top-at-mark-start, PB=parsable bottom
|   0|0x0000000082e00000, 0x0000000082f00000, 0x0000000082f00000|100%|HS|  |TAMS 0x0000000082e00000| PB 0x0000000082e00000| Complete 
|   1|0x0000000082f00000, 0x0000000083000000, 0x0000000083000000|100%| O|  |TAMS 0x0000000082f00000| PB 0x0000000082f00000| Untracked 
|   2|0x0000000083000000, 0x0000000083100000, 0x0000000083100000|100%| O|  |TAMS 0x0000000083000000| PB 0x0000000083000000| Untracked 
|   3|0x0000000083100000, 0x0000000083200000, 0x0000000083200000|100%| O|  |TAMS 0x0000000083100000| PB 0x0000000083100000| Untracked 
|   4|0x0000000083200000, 0x0000000083300000, 0x0000000083300000|100%| O|  |TAMS 0x0000000083200000| PB 0x0000000083200000| Untracked 
|   5|0x0000000083300000, 0x0000000083400000, 0x0000000083400000|100%| O|  |TAMS 0x0000000083300000| PB 0x0000000083300000| Untracked 
|   6|0x0000000083400000, 0x000000008346ff80, 0x0000000083500000| 43%| O|  |TAMS 0x0000000083400000| PB 0x0000000083400000| Untracked 
|   7|0x0000000083500000, 0x0000000083500000, 0x0000000083600000|  0%| F|  |TAMS 0x0000000083500000| PB 0x0000000083500000| Untracked 
|   8|0x0000000083600000, 0x0000000083600000, 0x0000000083700000|  0%| F|  |TAMS 0x0000000083600000| PB 0x0000000083600000| Untracked 
|   9|0x0000000083700000, 0x0000000083700000, 0x0000000083800000|  0%| F|  |TAMS 0x0000000083700000| PB 0x0000000083700000| Untracked 
|  10|0x0000000083800000, 0x0000000083800000, 0x0000000083900000|  0%| F|  |TAMS 0x0000000083800000| PB 0x0000000083800000| Untracked 
|  11|0x0000000083900000, 0x0000000083900000, 0x0000000083a00000|  0%| F|  |TAMS 0x0000000083900000| PB 0x0000000083900000| Untracked 
|  12|0x0000000083a00000, 0x0000000083a00000, 0x0000000083b00000|  0%| F|  |TAMS 0x0000000083a00000| PB 0x0000000083a00000| Untracked 
|  13|0x0000000083b00000, 0x0000000083b00000, 0x0000000083c00000|  0%| F|  |TAMS 0x0000000083b00000| PB 0x0000000083b00000| Untracked 
|  14|0x0000000083c00000, 0x0000000083c00000, 0x0000000083d00000|  0%| F|  |TAMS 0x0000000083c00000| PB 0x0000000083c00000| Untracked 
|  15|0x0000000083d00000, 0x0000000083d00000, 0x0000000083e00000|  0%| F|  |TAMS 0x0000000083d00000| PB 0x0000000083d00000| Untracked 
|  16|0x0000000083e00000, 0x0000000083e00000, 0x0000000083f00000|  0%| F|  |TAMS 0x0000000083e00000| PB 0x0000000083e00000| Untracked 
|  17|0x0000000083f00000, 0x0000000083f00000, 0x0000000084000000|  0%| F|  |TAMS 0x0000000083f00000| PB 0x0000000083f00000| Untracked 
|  18|0x0000000084000000, 0x0000000084000000, 0x0000000084100000|  0%| F|  |TAMS 0x0000000084000000| PB 0x0000000084000000| Untracked 
|  19|0x0000000084100000, 0x0000000084100000, 0x0000000084200000|  0%| F|  |TAMS 0x0000000084100000| PB 0x0000000084100000| Untracked 
|  20|0x0000000084200000, 0x0000000084200000, 0x0000000084300000|  0%| F|  |TAMS 0x0000000084200000| PB 0x0000000084200000| Untracked 
|  21|0x0000000084300000, 0x0000000084300000, 0x0000000084400000|  0%| F|  |TAMS 0x0000000084300000| PB 0x0000000084300000| Untracked 
|  22|0x0000000084400000, 0x0000000084400000, 0x0000000084500000|  0%| F|  |TAMS 0x0000000084400000| PB 0x0000000084400000| Untracked 
|  23|0x0000000084500000, 0x0000000084500000, 0x0000000084600000|  0%| F|  |TAMS 0x0000000084500000| PB 0x0000000084500000| Untracked 
|  24|0x0000000084600000, 0x0000000084600000, 0x0000000084700000|  0%| F|  |TAMS 0x0000000084600000| PB 0x0000000084600000| Untracked 
|  25|0x0000000084700000, 0x0000000084700000, 0x0000000084800000|  0%| F|  |TAMS 0x0000000084700000| PB 0x0000000084700000| Untracked 
|  26|0x0000000084800000, 0x0000000084800000, 0x0000000084900000|  0%| F|  |TAMS 0x0000000084800000| PB 0x0000000084800000| Untracked 
|  27|0x0000000084900000, 0x0000000084900000, 0x0000000084a00000|  0%| F|  |TAMS 0x0000000084900000| PB 0x0000000084900000| Untracked 
|  28|0x0000000084a00000, 0x0000000084a00000, 0x0000000084b00000|  0%| F|  |TAMS 0x0000000084a00000| PB 0x0000000084a00000| Untracked 
|  29|0x0000000084b00000, 0x0000000084b00000, 0x0000000084c00000|  0%| F|  |TAMS 0x0000000084b00000| PB 0x0000000084b00000| Untracked 
|  30|0x0000000084c00000, 0x0000000084c00000, 0x0000000084d00000|  0%| F|  |TAMS 0x0000000084c00000| PB 0x0000000084c00000| Untracked 
|  31|0x0000000084d00000, 0x0000000084d00000, 0x0000000084e00000|  0%| F|  |TAMS 0x0000000084d00000| PB 0x0000000084d00000| Untracked 
|  32|0x0000000084e00000, 0x0000000084e00000, 0x0000000084f00000|  0%| F|  |TAMS 0x0000000084e00000| PB 0x0000000084e00000| Untracked 
|  33|0x0000000084f00000, 0x0000000084f00000, 0x0000000085000000|  0%| F|  |TAMS 0x0000000084f00000| PB 0x0000000084f00000| Untracked 
|  34|0x0000000085000000, 0x0000000085000000, 0x0000000085100000|  0%| F|  |TAMS 0x0000000085000000| PB 0x0000000085000000| Untracked 
|  35|0x0000000085100000, 0x0000000085100000, 0x0000000085200000|  0%| F|  |TAMS 0x0000000085100000| PB 0x0000000085100000| Untracked 
|  36|0x0000000085200000, 0x0000000085200000, 0x0000000085300000|  0%| F|  |TAMS 0x0000000085200000| PB 0x0000000085200000| Untracked 
|  37|0x0000000085300000, 0x0000000085300000, 0x0000000085400000|  0%| F|  |TAMS 0x0000000085300000| PB 0x0000000085300000| Untracked 
|  38|0x0000000085400000, 0x0000000085400000, 0x0000000085500000|  0%| F|  |TAMS 0x0000000085400000| PB 0x0000000085400000| Untracked 
|  39|0x0000000085500000, 0x0000000085500000, 0x0000000085600000|  0%| F|  |TAMS 0x0000000085500000| PB 0x0000000085500000| Untracked 
|  40|0x0000000085600000, 0x0000000085600000, 0x0000000085700000|  0%| F|  |TAMS 0x0000000085600000| PB 0x0000000085600000| Untracked 
|  41|0x0000000085700000, 0x0000000085700000, 0x0000000085800000|  0%| F|  |TAMS 0x0000000085700000| PB 0x0000000085700000| Untracked 
|  42|0x0000000085800000, 0x0000000085800000, 0x0000000085900000|  0%| F|  |TAMS 0x0000000085800000| PB 0x0000000085800000| Untracked 
|  43|0x0000000085900000, 0x0000000085900000, 0x0000000085a00000|  0%| F|  |TAMS 0x0000000085900000| PB 0x0000000085900000| Untracked 
|  44|0x0000000085a00000, 0x0000000085a00000, 0x0000000085b00000|  0%| F|  |TAMS 0x0000000085a00000| PB 0x0000000085a00000| Untracked 
|  45|0x0000000085b00000, 0x0000000085b00000, 0x0000000085c00000|  0%| F|  |TAMS 0x0000000085b00000| PB 0x0000000085b00000| Untracked 
|  46|0x0000000085c00000, 0x0000000085c00000, 0x0000000085d00000|  0%| F|  |TAMS 0x0000000085c00000| PB 0x0000000085c00000| Untracked 
|  47|0x0000000085d00000, 0x0000000085d00000, 0x0000000085e00000|  0%| F|  |TAMS 0x0000000085d00000| PB 0x0000000085d00000| Untracked 
|  48|0x0000000085e00000, 0x0000000085e00000, 0x0000000085f00000|  0%| F|  |TAMS 0x0000000085e00000| PB 0x0000000085e00000| Untracked 
|  49|0x0000000085f00000, 0x0000000085f00000, 0x0000000086000000|  0%| F|  |TAMS 0x0000000085f00000| PB 0x0000000085f00000| Untracked 
|  50|0x0000000086000000, 0x0000000086000000, 0x0000000086100000|  0%| F|  |TAMS 0x0000000086000000| PB 0x0000000086000000| Untracked 
|  51|0x0000000086100000, 0x0000000086100000, 0x0000000086200000|  0%| F|  |TAMS 0x0000000086100000| PB 0x0000000086100000| Untracked 
|  52|0x0000000086200000, 0x0000000086200000, 0x0000000086300000|  0%| F|  |TAMS 0x0000000086200000| PB 0x0000000086200000| Untracked 
|  53|0x0000000086300000, 0x0000000086300000, 0x0000000086400000|  0%| F|  |TAMS 0x0000000086300000| PB 0x0000000086300000| Untracked 
|  54|0x0000000086400000, 0x0000000086400000, 0x0000000086500000|  0%| F|  |TAMS 0x0000000086400000| PB 0x0000000086400000| Untracked 
|  55|0x0000000086500000, 0x0000000086500000, 0x0000000086600000|  0%| F|  |TAMS 0x0000000086500000| PB 0x0000000086500000| Untracked 
|  56|0x0000000086600000, 0x0000000086600000, 0x0000000086700000|  0%| F|  |TAMS 0x0000000086600000| PB 0x0000000086600000| Untracked 
|  57|0x0000000086700000, 0x0000000086700000, 0x0000000086800000|  0%| F|  |TAMS 0x0000000086700000| PB 0x0000000086700000| Untracked 
|  58|0x0000000086800000, 0x0000000086800000, 0x0000000086900000|  0%| F|  |TAMS 0x0000000086800000| PB 0x0000000086800000| Untracked 
|  59|0x0000000086900000, 0x0000000086900000, 0x0000000086a00000|  0%| F|  |TAMS 0x0000000086900000| PB 0x0000000086900000| Untracked 
|  60|0x0000000086a00000, 0x0000000086a00000, 0x0000000086b00000|  0%| F|  |TAMS 0x0000000086a00000| PB 0x0000000086a00000| Untracked 
|  61|0x0000000086b00000, 0x0000000086b00000, 0x0000000086c00000|  0%| F|  |TAMS 0x0000000086b00000| PB 0x0000000086b00000| Untracked 
|  62|0x0000000086c00000, 0x0000000086c00000, 0x0000000086d00000|  0%| F|  |TAMS 0x0000000086c00000| PB 0x0000000086c00000| Untracked 
|  63|0x0000000086d00000, 0x0000000086d00000, 0x0000000086e00000|  0%| F|  |TAMS 0x0000000086d00000| PB 0x0000000086d00000| Untracked 
|  64|0x0000000086e00000, 0x0000000086e00000, 0x0000000086f00000|  0%| F|  |TAMS 0x0000000086e00000| PB 0x0000000086e00000| Untracked 
|  65|0x0000000086f00000, 0x0000000086f00000, 0x0000000087000000|  0%| F|  |TAMS 0x0000000086f00000| PB 0x0000000086f00000| Untracked 
|  66|0x0000000087000000, 0x0000000087000000, 0x0000000087100000|  0%| F|  |TAMS 0x0000000087000000| PB 0x0000000087000000| Untracked 
|  67|0x0000000087100000, 0x0000000087100000, 0x0000000087200000|  0%| F|  |TAMS 0x0000000087100000| PB 0x0000000087100000| Untracked 
|  68|0x0000000087200000, 0x0000000087200000, 0x0000000087300000|  0%| F|  |TAMS 0x0000000087200000| PB 0x0000000087200000| Untracked 
|  69|0x0000000087300000, 0x0000000087300000, 0x0000000087400000|  0%| F|  |TAMS 0x0000000087300000| PB 0x0000000087300000| Untracked 
|  70|0x0000000087400000, 0x0000000087400000, 0x0000000087500000|  0%| F|  |TAMS 0x0000000087400000| PB 0x0000000087400000| Untracked 
|  71|0x0000000087500000, 0x0000000087500000, 0x0000000087600000|  0%| F|  |TAMS 0x0000000087500000| PB 0x0000000087500000| Untracked 
|  72|0x0000000087600000, 0x0000000087600000, 0x0000000087700000|  0%| F|  |TAMS 0x0000000087600000| PB 0x0000000087600000| Untracked 
|  73|0x0000000087700000, 0x0000000087700000, 0x0000000087800000|  0%| F|  |TAMS 0x0000000087700000| PB 0x0000000087700000| Untracked 
|  74|0x0000000087800000, 0x0000000087800000, 0x0000000087900000|  0%| F|  |TAMS 0x0000000087800000| PB 0x0000000087800000| Untracked 
|  75|0x0000000087900000, 0x0000000087900000, 0x0000000087a00000|  0%| F|  |TAMS 0x0000000087900000| PB 0x0000000087900000| Untracked 
|  76|0x0000000087a00000, 0x0000000087a00000, 0x0000000087b00000|  0%| F|  |TAMS 0x0000000087a00000| PB 0x0000000087a00000| Untracked 
|  77|0x0000000087b00000, 0x0000000087b00000, 0x0000000087c00000|  0%| F|  |TAMS 0x0000000087b00000| PB 0x0000000087b00000| Untracked 
|  78|0x0000000087c00000, 0x0000000087c00000, 0x0000000087d00000|  0%| F|  |TAMS 0x0000000087c00000| PB 0x0000000087c00000| Untracked 
|  79|0x0000000087d00000, 0x0000000087d00000, 0x0000000087e00000|  0%| F|  |TAMS 0x0000000087d00000| PB 0x0000000087d00000| Untracked 
|  80|0x0000000087e00000, 0x0000000087e00000, 0x0000000087f00000|  0%| F|  |TAMS 0x0000000087e00000| PB 0x0000000087e00000| Untracked 
|  81|0x0000000087f00000, 0x0000000087f00000, 0x0000000088000000|  0%| F|  |TAMS 0x0000000087f00000| PB 0x0000000087f00000| Untracked 
|  82|0x0000000088000000, 0x0000000088000000, 0x0000000088100000|  0%| F|  |TAMS 0x0000000088000000| PB 0x0000000088000000| Untracked 
|  83|0x0000000088100000, 0x0000000088100000, 0x0000000088200000|  0%| F|  |TAMS 0x0000000088100000| PB 0x0000000088100000| Untracked 
|  84|0x0000000088200000, 0x0000000088200000, 0x0000000088300000|  0%| F|  |TAMS 0x0000000088200000| PB 0x0000000088200000| Untracked 
|  85|0x0000000088300000, 0x0000000088300000, 0x0000000088400000|  0%| F|  |TAMS 0x0000000088300000| PB 0x0000000088300000| Untracked 
|  86|0x0000000088400000, 0x0000000088400000, 0x0000000088500000|  0%| F|  |TAMS 0x0000000088400000| PB 0x0000000088400000| Untracked 
|  87|0x0000000088500000, 0x0000000088500000, 0x0000000088600000|  0%| F|  |TAMS 0x0000000088500000| PB 0x0000000088500000| Untracked 
|  88|0x0000000088600000, 0x0000000088600000, 0x0000000088700000|  0%| F|  |TAMS 0x0000000088600000| PB 0x0000000088600000| Untracked 
|  89|0x0000000088700000, 0x0000000088700000, 0x0000000088800000|  0%| F|  |TAMS 0x0000000088700000| PB 0x0000000088700000| Untracked 
|  90|0x0000000088800000, 0x00000000888c5160, 0x0000000088900000| 76%| S|CS|TAMS 0x0000000088800000| PB 0x0000000088800000| Complete 
|  91|0x0000000088900000, 0x0000000088a00000, 0x0000000088a00000|100%| S|CS|TAMS 0x0000000088900000| PB 0x0000000088900000| Complete 
|  92|0x0000000088a00000, 0x0000000088b00000, 0x0000000088b00000|100%| S|CS|TAMS 0x0000000088a00000| PB 0x0000000088a00000| Complete 
|  93|0x0000000088b00000, 0x0000000088c00000, 0x0000000088c00000|100%| E|  |TAMS 0x0000000088b00000| PB 0x0000000088b00000| Complete 
|  94|0x0000000088c00000, 0x0000000088d00000, 0x0000000088d00000|100%| E|CS|TAMS 0x0000000088c00000| PB 0x0000000088c00000| Complete 
|  95|0x0000000088d00000, 0x0000000088e00000, 0x0000000088e00000|100%| E|CS|TAMS 0x0000000088d00000| PB 0x0000000088d00000| Complete 
|  96|0x0000000088e00000, 0x0000000088f00000, 0x0000000088f00000|100%| E|CS|TAMS 0x0000000088e00000| PB 0x0000000088e00000| Complete 
|  97|0x0000000088f00000, 0x0000000089000000, 0x0000000089000000|100%| E|CS|TAMS 0x0000000088f00000| PB 0x0000000088f00000| Complete 
|  98|0x0000000089000000, 0x0000000089100000, 0x0000000089100000|100%| E|CS|TAMS 0x0000000089000000| PB 0x0000000089000000| Complete 
|  99|0x0000000089100000, 0x0000000089200000, 0x0000000089200000|100%| E|CS|TAMS 0x0000000089100000| PB 0x0000000089100000| Complete 
| 100|0x0000000089200000, 0x0000000089300000, 0x0000000089300000|100%| E|CS|TAMS 0x0000000089200000| PB 0x0000000089200000| Complete 
| 101|0x0000000089300000, 0x0000000089400000, 0x0000000089400000|100%| E|CS|TAMS 0x0000000089300000| PB 0x0000000089300000| Complete 
| 102|0x0000000089400000, 0x0000000089500000, 0x0000000089500000|100%| E|CS|TAMS 0x0000000089400000| PB 0x0000000089400000| Complete 
| 103|0x0000000089500000, 0x0000000089600000, 0x0000000089600000|100%| E|CS|TAMS 0x0000000089500000| PB 0x0000000089500000| Complete 
| 104|0x0000000089600000, 0x0000000089700000, 0x0000000089700000|100%| E|CS|TAMS 0x0000000089600000| PB 0x0000000089600000| Complete 
| 105|0x0000000089700000, 0x0000000089800000, 0x0000000089800000|100%| E|CS|TAMS 0x0000000089700000| PB 0x0000000089700000| Complete 
| 106|0x0000000089800000, 0x0000000089900000, 0x0000000089900000|100%| E|CS|TAMS 0x0000000089800000| PB 0x0000000089800000| Complete 
| 107|0x0000000089900000, 0x0000000089a00000, 0x0000000089a00000|100%| E|CS|TAMS 0x0000000089900000| PB 0x0000000089900000| Complete 
| 108|0x0000000089a00000, 0x0000000089b00000, 0x0000000089b00000|100%| E|CS|TAMS 0x0000000089a00000| PB 0x0000000089a00000| Complete 
| 109|0x0000000089b00000, 0x0000000089c00000, 0x0000000089c00000|100%| E|CS|TAMS 0x0000000089b00000| PB 0x0000000089b00000| Complete 
| 110|0x0000000089c00000, 0x0000000089d00000, 0x0000000089d00000|100%| E|CS|TAMS 0x0000000089c00000| PB 0x0000000089c00000| Complete 
| 111|0x0000000089d00000, 0x0000000089e00000, 0x0000000089e00000|100%| E|CS|TAMS 0x0000000089d00000| PB 0x0000000089d00000| Complete 
| 112|0x0000000089e00000, 0x0000000089f00000, 0x0000000089f00000|100%| E|CS|TAMS 0x0000000089e00000| PB 0x0000000089e00000| Complete 
| 113|0x0000000089f00000, 0x000000008a000000, 0x000000008a000000|100%| E|CS|TAMS 0x0000000089f00000| PB 0x0000000089f00000| Complete 
| 114|0x000000008a000000, 0x000000008a100000, 0x000000008a100000|100%| E|CS|TAMS 0x000000008a000000| PB 0x000000008a000000| Complete 
| 115|0x000000008a100000, 0x000000008a200000, 0x000000008a200000|100%| E|CS|TAMS 0x000000008a100000| PB 0x000000008a100000| Complete 
| 116|0x000000008a200000, 0x000000008a300000, 0x000000008a300000|100%| E|CS|TAMS 0x000000008a200000| PB 0x000000008a200000| Complete 
| 117|0x000000008a300000, 0x000000008a400000, 0x000000008a400000|100%| E|CS|TAMS 0x000000008a300000| PB 0x000000008a300000| Complete 
| 118|0x000000008a400000, 0x000000008a500000, 0x000000008a500000|100%| E|CS|TAMS 0x000000008a400000| PB 0x000000008a400000| Complete 
| 119|0x000000008a500000, 0x000000008a600000, 0x000000008a600000|100%| E|CS|TAMS 0x000000008a500000| PB 0x000000008a500000| Complete 
| 120|0x000000008a600000, 0x000000008a700000, 0x000000008a700000|100%| E|CS|TAMS 0x000000008a600000| PB 0x000000008a600000| Complete 
| 121|0x000000008a700000, 0x000000008a800000, 0x000000008a800000|100%| E|CS|TAMS 0x000000008a700000| PB 0x000000008a700000| Complete 
| 122|0x000000008a800000, 0x000000008a900000, 0x000000008a900000|100%| E|CS|TAMS 0x000000008a800000| PB 0x000000008a800000| Complete 
| 123|0x000000008a900000, 0x000000008aa00000, 0x000000008aa00000|100%| E|CS|TAMS 0x000000008a900000| PB 0x000000008a900000| Complete 
| 124|0x000000008aa00000, 0x000000008ab00000, 0x000000008ab00000|100%| E|CS|TAMS 0x000000008aa00000| PB 0x000000008aa00000| Complete 
| 125|0x000000008ab00000, 0x000000008ac00000, 0x000000008ac00000|100%| E|CS|TAMS 0x000000008ab00000| PB 0x000000008ab00000| Complete 

Card table byte_map: [0x00000207f0940000,0x00000207f0d30000] _byte_map_base: 0x00000207f0529000

Marking Bits: (CMBitMap*) 0x00000207d8baaf30
 Bits: [0x00000207f0d30000, 0x00000207f2c78000)

Polling page: 0x00000207d8310000

Metaspace:

Usage:
  Non-class:     16.75 MB used.
      Class:      2.28 MB used.
       Both:     19.03 MB used.

Virtual space:
  Non-class space:       64.00 MB reserved,      16.94 MB ( 26%) committed,  1 nodes.
      Class space:        1.00 GB reserved,       2.44 MB ( <1%) committed,  1 nodes.
             Both:        1.06 GB reserved,      19.38 MB (  2%) committed. 

Chunk freelists:
   Non-Class:  14.28 MB
       Class:  13.39 MB
        Both:  27.67 MB

MaxMetaspaceSize: unlimited
CompressedClassSpaceSize: 1.00 GB
Initial GC threshold: 21.00 MB
Current GC threshold: 21.00 MB
CDS: on
 - commit_granule_bytes: 65536.
 - commit_granule_words: 8192.
 - virtual_space_node_default_size: 8388608.
 - enlarge_chunks_in_place: 1.
 - use_allocation_guard: 0.


Internal statistics:

num_allocs_failed_limit: 0.
num_arena_births: 296.
num_arena_deaths: 0.
num_vsnodes_births: 2.
num_vsnodes_deaths: 0.
num_space_committed: 310.
num_space_uncommitted: 0.
num_chunks_returned_to_freelist: 0.
num_chunks_taken_from_freelist: 952.
num_chunk_merges: 0.
num_chunk_splits: 638.
num_chunks_enlarged: 447.
num_inconsistent_stats: 0.

CodeHeap 'non-profiled nmethods': size=120000Kb used=1065Kb max_used=1065Kb free=118934Kb
 bounds [0x00000207e8cf0000, 0x00000207e8f60000, 0x00000207f0220000]
CodeHeap 'profiled nmethods': size=120000Kb used=5633Kb max_used=5633Kb free=114366Kb
 bounds [0x00000207e1220000, 0x00000207e17b0000, 0x00000207e8750000]
CodeHeap 'non-nmethods': size=5760Kb used=1440Kb max_used=1473Kb free=4319Kb
 bounds [0x00000207e8750000, 0x00000207e89c0000, 0x00000207e8cf0000]
 total_blobs=3295 nmethods=2769 adapters=430
 compilation: enabled
              stopped_count=0, restarted_count=0
 full_count=0

Compilation events (20 events):
Event: 2.154 Thread 0x00000207f56e4350 2713       3       org.springframework.util.ReflectionUtils::makeAccessible (36 bytes)
Event: 2.155 Thread 0x00000207f56e4350 nmethod 2713 0x00000207e1775890 code [0x00000207e1775ac0, 0x00000207e17763b0]
Event: 2.155 Thread 0x00000207f56e4350 2725       3       org.springframework.core.type.StandardClassMetadata::getClassName (8 bytes)
Event: 2.155 Thread 0x00000207f56e4350 nmethod 2725 0x00000207e1776690 code [0x00000207e1776840, 0x00000207e1776a38]
Event: 2.155 Thread 0x00000207f56e4350 2724       1       java.util.stream.ReferencePipeline$StatefulOp::opIsStateful (2 bytes)
Event: 2.155 Thread 0x00000207f56e4350 nmethod 2724 0x00000207e8df9b90 code [0x00000207e8df9d20, 0x00000207e8df9de8]
Event: 2.155 Thread 0x00000207f56e4350 2704       1       org.springframework.core.annotation.AnnotationTypeMapping::getAnnotation (5 bytes)
Event: 2.155 Thread 0x00000207f56e4350 nmethod 2704 0x00000207e8df9e90 code [0x00000207e8dfa020, 0x00000207e8dfa0e8]
Event: 2.156 Thread 0x00000207f56e4350 2726       3       org.springframework.boot.autoconfigure.AutoConfigurationMetadataLoader$PropertiesAutoConfigurationMetadata::getSet (8 bytes)
Event: 2.157 Thread 0x00000207f56e4350 nmethod 2726 0x00000207e1776b10 code [0x00000207e1776d60, 0x00000207e1777600]
Event: 2.157 Thread 0x00000207f56e4350 2727       3       org.springframework.boot.autoconfigure.condition.OnBeanCondition::getOutcome (54 bytes)
Event: 2.158 Thread 0x00000207f56e4350 nmethod 2727 0x00000207e1777990 code [0x00000207e1777dc0, 0x00000207e1779758]
Event: 2.158 Thread 0x00000207f56e4350 2728       3       org.springframework.core.annotation.AnnotationsScanner::isWithoutHierarchy (115 bytes)
Event: 2.158 Thread 0x00000207f56e4350 nmethod 2728 0x00000207e177a190 code [0x00000207e177a3e0, 0x00000207e177aef8]
Event: 2.158 Thread 0x00000207f56e4350 2729       3       org.springframework.boot.autoconfigure.condition.ConditionMessage::isEmpty (16 bytes)
Event: 2.158 Thread 0x00000207f56e4350 nmethod 2729 0x00000207e177b110 code [0x00000207e177b2c0, 0x00000207e177b5d0]
Event: 2.160 Thread 0x00000207f56e4350 2730       3       java.util.Collections::unmodifiableSet (22 bytes)
Event: 2.160 Thread 0x00000207f56e4350 nmethod 2730 0x00000207e177b710 code [0x00000207e177b900, 0x00000207e177be00]
Event: 2.160 Thread 0x00000207f56e4350 2731       3       java.util.Collections$UnmodifiableSet::<init> (6 bytes)
Event: 2.160 Thread 0x00000207f56e4350 nmethod 2731 0x00000207e177bf90 code [0x00000207e177c160, 0x00000207e177c480]

GC Heap History (4 events):
Event: 0.868 GC heap before
{Heap before GC invocations=0 (full 0):
 garbage-first heap   total 129024K, used 23552K [0x0000000082e00000, 0x0000000100000000)
  region size 1024K, 23 young (23552K), 0 survivors (0K)
 Metaspace       used 5891K, committed 6080K, reserved 1114112K
  class space    used 670K, committed 768K, reserved 1048576K
}
Event: 0.874 GC heap after
{Heap after GC invocations=1 (full 0):
 garbage-first heap   total 129024K, used 6447K [0x0000000082e00000, 0x0000000100000000)
  region size 1024K, 3 young (3072K), 3 survivors (3072K)
 Metaspace       used 5891K, committed 6080K, reserved 1114112K
  class space    used 670K, committed 768K, reserved 1048576K
}
Event: 1.540 GC heap before
{Heap before GC invocations=1 (full 0):
 garbage-first heap   total 129024K, used 36143K [0x0000000082e00000, 0x0000000100000000)
  region size 1024K, 33 young (33792K), 3 survivors (3072K)
 Metaspace       used 14221K, committed 14528K, reserved 1114112K
  class space    used 1699K, committed 1856K, reserved 1048576K
}
Event: 1.545 GC heap after
{Heap after GC invocations=2 (full 0):
 garbage-first heap   total 129024K, used 9428K [0x0000000082e00000, 0x0000000100000000)
  region size 1024K, 3 young (3072K), 3 survivors (3072K)
 Metaspace       used 14221K, committed 14528K, reserved 1114112K
  class space    used 1699K, committed 1856K, reserved 1048576K
}

Dll operation events (13 events):
Event: 0.011 Loaded shared library C:\Users\JOSEPH\.jdks\temurin-21.0.4\bin\java.dll
Event: 0.054 Loaded shared library C:\Users\JOSEPH\.jdks\temurin-21.0.4\bin\jsvml.dll
Event: 0.165 Loaded shared library C:\Users\JOSEPH\.jdks\temurin-21.0.4\bin\zip.dll
Event: 0.169 Loaded shared library C:\Users\JOSEPH\.jdks\temurin-21.0.4\bin\instrument.dll
Event: 0.175 Loaded shared library C:\Users\JOSEPH\.jdks\temurin-21.0.4\bin\net.dll
Event: 0.176 Loaded shared library C:\Users\JOSEPH\.jdks\temurin-21.0.4\bin\nio.dll
Event: 0.179 Loaded shared library C:\Users\JOSEPH\.jdks\temurin-21.0.4\bin\zip.dll
Event: 0.255 Loaded shared library C:\Program Files\JetBrains\IntelliJ IDEA Community Edition 2024.2.1\bin\breakgen64.dll
Event: 0.264 Loaded shared library C:\Users\JOSEPH\.jdks\temurin-21.0.4\bin\extnet.dll
Event: 0.310 Loaded shared library C:\Users\JOSEPH\.jdks\temurin-21.0.4\bin\jimage.dll
Event: 0.717 Loaded shared library C:\Users\JOSEPH\.jdks\temurin-21.0.4\bin\management.dll
Event: 0.719 Loaded shared library C:\Users\JOSEPH\.jdks\temurin-21.0.4\bin\management_ext.dll
Event: 1.743 Loaded shared library C:\Users\JOSEPH\.jdks\temurin-21.0.4\bin\sunmscapi.dll

Deoptimization events (20 events):
Event: 1.754 Thread 0x00000207fa911000 Uncommon trap: trap_request=0xffffffc6 fr.pc=0x00000207e8d9f7ec relative=0x000000000000030c
Event: 1.754 Thread 0x00000207fa911000 Uncommon trap: reason=bimorphic_or_optimized_type_check action=maybe_recompile pc=0x00000207e8d9f7ec method=java.util.HashMap.getNode(Ljava/lang/Object;)Ljava/util/HashMap$Node; @ 128 c2
Event: 1.754 Thread 0x00000207fa911000 DEOPT PACKING pc=0x00000207e8d9f7ec sp=0x000000900f7fca50
Event: 1.754 Thread 0x00000207fa911000 DEOPT UNPACKING pc=0x00000207e87a46a2 sp=0x000000900f7fc968 mode 2
Event: 1.754 Thread 0x00000207fa911000 Uncommon trap: trap_request=0xffffffc6 fr.pc=0x00000207e8d9f7ec relative=0x000000000000030c
Event: 1.754 Thread 0x00000207fa911000 Uncommon trap: reason=bimorphic_or_optimized_type_check action=maybe_recompile pc=0x00000207e8d9f7ec method=java.util.HashMap.getNode(Ljava/lang/Object;)Ljava/util/HashMap$Node; @ 128 c2
Event: 1.754 Thread 0x00000207fa911000 DEOPT PACKING pc=0x00000207e8d9f7ec sp=0x000000900f7fca50
Event: 1.754 Thread 0x00000207fa911000 DEOPT UNPACKING pc=0x00000207e87a46a2 sp=0x000000900f7fc968 mode 2
Event: 1.802 Thread 0x00000207fa1496c0 Uncommon trap: trap_request=0xffffff45 fr.pc=0x00000207e8db2344 relative=0x00000000000000a4
Event: 1.802 Thread 0x00000207fa1496c0 Uncommon trap: reason=unstable_if action=reinterpret pc=0x00000207e8db2344 method=java.lang.ref.ReferenceQueue.poll()Ljava/lang/ref/Reference; @ 4 c2
Event: 1.802 Thread 0x00000207fa1496c0 DEOPT PACKING pc=0x00000207e8db2344 sp=0x000000900f1fe020
Event: 1.802 Thread 0x00000207fa1496c0 DEOPT UNPACKING pc=0x00000207e87a46a2 sp=0x000000900f1fdf08 mode 2
Event: 1.837 Thread 0x00000207fa1496c0 Uncommon trap: trap_request=0xffffffc6 fr.pc=0x00000207e8da2f28 relative=0x0000000000000888
Event: 1.837 Thread 0x00000207fa1496c0 Uncommon trap: reason=bimorphic_or_optimized_type_check action=maybe_recompile pc=0x00000207e8da2f28 method=java.util.HashMap.putVal(ILjava/lang/Object;Ljava/lang/Object;ZZ)Ljava/lang/Object; @ 91 c2
Event: 1.837 Thread 0x00000207fa1496c0 DEOPT PACKING pc=0x00000207e8da2f28 sp=0x000000900f1fe190
Event: 1.837 Thread 0x00000207fa1496c0 DEOPT UNPACKING pc=0x00000207e87a46a2 sp=0x000000900f1fe110 mode 2
Event: 1.858 Thread 0x00000207fa1496c0 Uncommon trap: trap_request=0xffffff45 fr.pc=0x00000207e8d689b0 relative=0x0000000000000a70
Event: 1.858 Thread 0x00000207fa1496c0 Uncommon trap: reason=unstable_if action=reinterpret pc=0x00000207e8d689b0 method=jdk.internal.org.objectweb.asm.SymbolTable.put(Ljdk/internal/org/objectweb/asm/SymbolTable$Entry;)Ljdk/internal/org/objectweb/asm/SymbolTable$Entry; @ 13 c2
Event: 1.858 Thread 0x00000207fa1496c0 DEOPT PACKING pc=0x00000207e8d689b0 sp=0x000000900f1fc7a0
Event: 1.858 Thread 0x00000207fa1496c0 DEOPT UNPACKING pc=0x00000207e87a46a2 sp=0x000000900f1fc6d8 mode 2

Classes loaded (20 events):
Event: 1.770 Loading class java/security/PrivilegedActionException
Event: 1.771 Loading class java/security/PrivilegedActionException done
Event: 1.771 Loading class javax/security/auth/login/FailedLoginException
Event: 1.771 Loading class javax/security/auth/login/FailedLoginException done
Event: 1.771 Loading class javax/security/auth/callback/CallbackHandler
Event: 1.771 Loading class javax/security/auth/callback/CallbackHandler done
Event: 1.772 Loading class javax/security/auth/Subject
Event: 1.772 Loading class javax/security/auth/Subject done
Event: 1.775 Loading class sun/security/provider/certpath/ldap/JdkLDAP
Event: 1.775 Loading class sun/security/provider/certpath/ldap/JdkLDAP done
Event: 1.775 Loading class sun/security/provider/certpath/ldap/JdkLDAP$ProviderService
Event: 1.775 Loading class sun/security/provider/certpath/ldap/JdkLDAP$ProviderService done
Event: 1.776 Loading class com/sun/security/sasl/Provider
Event: 1.776 Loading class com/sun/security/sasl/Provider done
Event: 1.776 Loading class com/sun/security/sasl/Provider$1
Event: 1.776 Loading class com/sun/security/sasl/Provider$1 done
Event: 1.776 Loading class com/sun/security/sasl/Provider$ProviderService
Event: 1.776 Loading class com/sun/security/sasl/Provider$ProviderService done
Event: 2.010 Loading class java/beans/PropertyVetoException
Event: 2.010 Loading class java/beans/PropertyVetoException done

Classes unloaded (0 events):
No events

Classes redefined (0 events):
No events

Internal exceptions (20 events):
Event: 1.182 Thread 0x00000207fa1496c0 Exception <a 'java/lang/NoSuchMethodError'{0x000000008a273f58}: 'void java.lang.invoke.DirectMethodHandle$Holder.invokeStaticInit(java.lang.Object, java.lang.Object, java.lang.Object)'> (0x000000008a273f58) 
thrown [s\src\hotspot\share\interpreter\linkResolver.cpp, line 773]
Event: 1.187 Thread 0x00000207fa1496c0 Exception <a 'java/lang/NoSuchMethodError'{0x000000008a2ba518}: 'java.lang.Object java.lang.invoke.DirectMethodHandle$Holder.invokeVirtual(java.lang.Object, java.lang.Object, java.lang.Object)'> (0x000000008a2ba518) 
thrown [s\src\hotspot\share\interpreter\linkResolver.cpp, line 773]
Event: 1.191 Thread 0x00000207fa1496c0 Exception <a 'java/lang/NoSuchMethodError'{0x000000008a2da460}: 'java.lang.Object java.lang.invoke.DirectMethodHandle$Holder.invokeStatic(java.lang.Object, long, java.lang.Object)'> (0x000000008a2da460) 
thrown [s\src\hotspot\share\interpreter\linkResolver.cpp, line 773]
Event: 1.191 Thread 0x00000207fa1496c0 Exception <a 'java/lang/NoSuchMethodError'{0x000000008a2ddae8}: 'java.lang.Object java.lang.invoke.DirectMethodHandle$Holder.invokeStaticInit(java.lang.Object, long, java.lang.Object)'> (0x000000008a2ddae8) 
thrown [s\src\hotspot\share\interpreter\linkResolver.cpp, line 773]
Event: 1.191 Thread 0x00000207fa1496c0 Exception <a 'java/lang/NoSuchMethodError'{0x000000008a2e3370}: 'java.lang.Object java.lang.invoke.DirectMethodHandle$Holder.newInvokeSpecial(java.lang.Object, long)'> (0x000000008a2e3370) 
thrown [s\src\hotspot\share\interpreter\linkResolver.cpp, line 773]
Event: 1.208 Thread 0x00000207fa1496c0 Exception <a 'java/lang/NoSuchMethodError'{0x000000008a13dc88}: 'void java.lang.invoke.DirectMethodHandle$Holder.invokeVirtual(java.lang.Object, java.lang.Object, java.lang.Object, java.lang.Object)'> (0x000000008a13dc88) 
thrown [s\src\hotspot\share\interpreter\linkResolver.cpp, line 773]
Event: 1.275 Thread 0x00000207fa911000 Exception <a 'java/lang/NoClassDefFoundError'{0x000000008a0c7940}: jakarta/validation/Validation> (0x000000008a0c7940) 
thrown [s\src\hotspot\share\classfile\systemDictionary.cpp, line 301]
Event: 1.275 Thread 0x00000207fa1496c0 Exception <a 'java/lang/IncompatibleClassChangeError'{0x000000008a0de6e8}: Found class java.lang.Object, but interface was expected> (0x000000008a0de6e8) 
thrown [s\src\hotspot\share\interpreter\linkResolver.cpp, line 840]
Event: 1.282 Thread 0x00000207fa1496c0 Exception <a 'java/lang/NoSuchMethodError'{0x000000008a0f54a0}: 'java.lang.Object java.lang.invoke.DirectMethodHandle$Holder.invokeStaticInit(java.lang.Object, int)'> (0x000000008a0f54a0) 
thrown [s\src\hotspot\share\interpreter\linkResolver.cpp, line 773]
Event: 1.284 Thread 0x00000207fa1496c0 Exception <a 'java/lang/NoSuchMethodError'{0x000000008a0ff920}: 'java.lang.Object java.lang.invoke.DirectMethodHandle$Holder.invokeStatic(java.lang.Object, int, java.lang.Object)'> (0x000000008a0ff920) 
thrown [s\src\hotspot\share\interpreter\linkResolver.cpp, line 773]
Event: 1.285 Thread 0x00000207fa1496c0 Exception <a 'java/lang/NoSuchMethodError'{0x0000000089f60888}: 'java.lang.Object java.lang.invoke.DirectMethodHandle$Holder.invokeStaticInit(java.lang.Object, int, java.lang.Object)'> (0x0000000089f60888) 
thrown [s\src\hotspot\share\interpreter\linkResolver.cpp, line 773]
Event: 1.593 Thread 0x00000207fa1496c0 Exception <a 'java/lang/NoSuchMethodError'{0x000000008a686938}: 'int java.lang.invoke.DirectMethodHandle$Holder.invokeSpecial(java.lang.Object, java.lang.Object, java.lang.Object, java.lang.Object, java.lang.Object)'> (0x000000008a686938) 
thrown [s\src\hotspot\share\interpreter\linkResolver.cpp, line 773]
Event: 1.595 Thread 0x00000207fa1496c0 Exception <a 'java/lang/NoSuchMethodError'{0x000000008a68ecf8}: 'void java.lang.invoke.DirectMethodHandle$Holder.invokeVirtual(java.lang.Object, java.lang.Object)'> (0x000000008a68ecf8) 
thrown [s\src\hotspot\share\interpreter\linkResolver.cpp, line 773]
Event: 1.629 Thread 0x00000207fa911000 Exception <a 'java/lang/NoSuchMethodError'{0x000000008a386930}: 'long java.lang.invoke.DirectMethodHandle$Holder.invokeSpecial(java.lang.Object, java.lang.Object)'> (0x000000008a386930) 
thrown [s\src\hotspot\share\interpreter\linkResolver.cpp, line 773]
Event: 1.631 Thread 0x00000207fa911000 Exception <a 'java/lang/NoSuchMethodError'{0x000000008a390718}: 'long java.lang.invoke.DirectMethodHandle$Holder.invokeStatic(java.lang.Object, java.lang.Object)'> (0x000000008a390718) 
thrown [s\src\hotspot\share\interpreter\linkResolver.cpp, line 773]
Event: 1.631 Thread 0x00000207fa911000 Exception <a 'java/lang/NoSuchMethodError'{0x000000008a393800}: 'long java.lang.invoke.DirectMethodHandle$Holder.invokeStaticInit(java.lang.Object, java.lang.Object)'> (0x000000008a393800) 
thrown [s\src\hotspot\share\interpreter\linkResolver.cpp, line 773]
Event: 1.633 Thread 0x00000207fa911000 Exception <a 'java/lang/NoSuchMethodError'{0x000000008a39f9f8}: 'long java.lang.invoke.DirectMethodHandle$Holder.invokeInterface(java.lang.Object, java.lang.Object)'> (0x000000008a39f9f8) 
thrown [s\src\hotspot\share\interpreter\linkResolver.cpp, line 773]
Event: 1.633 Thread 0x00000207fa911000 Exception <a 'java/lang/IncompatibleClassChangeError'{0x000000008a3a2a08}: Found class java.lang.Object, but interface was expected> (0x000000008a3a2a08) 
thrown [s\src\hotspot\share\interpreter\linkResolver.cpp, line 840]
Event: 1.637 Thread 0x00000207fa911000 Exception <a 'java/lang/NoSuchMethodError'{0x000000008a209870}: 'java.lang.Object java.lang.invoke.DirectMethodHandle$Holder.invokeVirtual(java.lang.Object, java.lang.Object, java.lang.Object, java.lang.Object)'> (0x000000008a209870) 
thrown [s\src\hotspot\share\interpreter\linkResolver.cpp, line 773]
Event: 1.785 Thread 0x00000207fa1496c0 Exception <a 'java/lang/IncompatibleClassChangeError'{0x0000000089bcda20}: Found class java.lang.Object, but interface was expected> (0x0000000089bcda20) 
thrown [s\src\hotspot\share\interpreter\linkResolver.cpp, line 840]

ZGC Phase Switch (0 events):
No events

VM Operations (20 events):
Event: 1.261 Executing VM operation: HandshakeAllThreads (Deoptimize)
Event: 1.261 Executing VM operation: HandshakeAllThreads (Deoptimize) done
Event: 1.261 Executing VM operation: HandshakeAllThreads (Deoptimize)
Event: 1.261 Executing VM operation: HandshakeAllThreads (Deoptimize) done
Event: 1.364 Executing VM operation: ICBufferFull
Event: 1.364 Executing VM operation: ICBufferFull done
Event: 1.440 Executing VM operation: HandshakeAllThreads (Deoptimize)
Event: 1.440 Executing VM operation: HandshakeAllThreads (Deoptimize) done
Event: 1.520 Executing VM operation: HandshakeAllThreads (Deoptimize)
Event: 1.520 Executing VM operation: HandshakeAllThreads (Deoptimize) done
Event: 1.539 Executing VM operation: G1CollectForAllocation (G1 Evacuation Pause)
Event: 1.545 Executing VM operation: G1CollectForAllocation (G1 Evacuation Pause) done
Event: 1.576 Executing VM operation: HandshakeAllThreads (Deoptimize)
Event: 1.576 Executing VM operation: HandshakeAllThreads (Deoptimize) done
Event: 1.696 Executing VM operation: HandshakeAllThreads (Deoptimize)
Event: 1.696 Executing VM operation: HandshakeAllThreads (Deoptimize) done
Event: 1.753 Executing VM operation: HandshakeAllThreads (Deoptimize)
Event: 1.753 Executing VM operation: HandshakeAllThreads (Deoptimize) done
Event: 1.878 Executing VM operation: ICBufferFull
Event: 1.878 Executing VM operation: ICBufferFull done

Memory protections (0 events):
No events

Nmethod flushes (0 events):
No events

Events (20 events):
Event: 0.036 Thread 0x00000207d696c540 Thread added: 0x00000207d696c540
Event: 0.051 Thread 0x00000207d696c540 Thread added: 0x00000207f56bd010
Event: 0.051 Thread 0x00000207d696c540 Thread added: 0x00000207f56bff40
Event: 0.051 Thread 0x00000207d696c540 Thread added: 0x00000207f56c2fe0
Event: 0.051 Thread 0x00000207d696c540 Thread added: 0x00000207f56c5db0
Event: 0.051 Thread 0x00000207d696c540 Thread added: 0x00000207f56c7180
Event: 0.051 Thread 0x00000207d696c540 Thread added: 0x00000207f56d4760
Event: 0.052 Thread 0x00000207d696c540 Thread added: 0x00000207f56d2b70
Event: 0.052 Thread 0x00000207d696c540 Thread added: 0x00000207f56e4350
Event: 0.134 Thread 0x00000207d696c540 Thread added: 0x00000207f58b3130
Event: 0.189 Thread 0x00000207f56e4350 Thread added: 0x00000207f5a5b570
Event: 0.255 Thread 0x00000207d696c540 Thread added: 0x00000207f5b0dae0
Event: 0.255 Thread 0x00000207d696c540 Thread added: 0x00000207f5b0a700
Event: 0.771 Thread 0x00000207d696c540 Thread added: 0x00000207fa615230
Event: 0.775 Thread 0x00000207fa615230 Thread added: 0x00000207fa1496c0
Event: 1.271 Thread 0x00000207fa1496c0 Thread added: 0x00000207fa911000
Event: 1.653 Thread 0x00000207fa1496c0 Thread added: 0x00000207fabf80e0
Event: 1.761 Thread 0x00000207f56e4350 Thread added: 0x00000207fadd9280
Event: 1.761 Thread 0x00000207fabf80e0 Thread exited: 0x00000207fabf80e0
Event: 1.779 Thread 0x00000207fa911000 Thread exited: 0x00000207fa911000


Dynamic libraries:
0x00007ff69f740000 - 0x00007ff69f74e000 	C:\Users\JOSEPH\.jdks\temurin-21.0.4\bin\java.exe
0x00007fff12150000 - 0x00007fff12367000 	C:\WINDOWS\SYSTEM32\ntdll.dll
0x00007fff10d70000 - 0x00007fff10e34000 	C:\WINDOWS\System32\KERNEL32.DLL
0x00007fff0f8c0000 - 0x00007fff0fc79000 	C:\WINDOWS\System32\KERNELBASE.dll
0x00007fff0f480000 - 0x00007fff0f591000 	C:\WINDOWS\System32\ucrtbase.dll
0x00007ffeed380000 - 0x00007ffeed39b000 	C:\Users\JOSEPH\.jdks\temurin-21.0.4\bin\VCRUNTIME140.dll
0x00007ffef4850000 - 0x00007ffef4868000 	C:\Users\JOSEPH\.jdks\temurin-21.0.4\bin\jli.dll
0x00007fff113c0000 - 0x00007fff1156e000 	C:\WINDOWS\System32\USER32.dll
0x00007ffef5950000 - 0x00007ffef5be2000 	C:\WINDOWS\WinSxS\amd64_microsoft.windows.common-controls_6595b64144ccf1df_6.0.22621.4391_none_2715d37f73803e96\COMCTL32.dll
0x00007fff0f450000 - 0x00007fff0f476000 	C:\WINDOWS\System32\win32u.dll
0x00007fff11310000 - 0x00007fff113b7000 	C:\WINDOWS\System32\msvcrt.dll
0x00007fff10e40000 - 0x00007fff10e69000 	C:\WINDOWS\System32\GDI32.dll
0x00007fff0fc80000 - 0x00007fff0fd9b000 	C:\WINDOWS\System32\gdi32full.dll
0x00007fff0fda0000 - 0x00007fff0fe3a000 	C:\WINDOWS\System32\msvcp_win.dll
0x00007fff0fe70000 - 0x00007fff0fea1000 	C:\WINDOWS\System32\IMM32.DLL
0x00007ffef43d0000 - 0x00007ffef43dc000 	C:\Users\JOSEPH\.jdks\temurin-21.0.4\bin\vcruntime140_1.dll
0x00007ffec0500000 - 0x00007ffec058e000 	C:\Users\JOSEPH\.jdks\temurin-21.0.4\bin\msvcp140.dll
0x00007ffe5e6b0000 - 0x00007ffe5f438000 	C:\Users\JOSEPH\.jdks\temurin-21.0.4\bin\server\jvm.dll
0x00007fff10ea0000 - 0x00007fff10f52000 	C:\WINDOWS\System32\ADVAPI32.dll
0x00007fff10110000 - 0x00007fff101b7000 	C:\WINDOWS\System32\sechost.dll
0x00007fff0fe40000 - 0x00007fff0fe68000 	C:\WINDOWS\System32\bcrypt.dll
0x00007fff101c0000 - 0x00007fff102d4000 	C:\WINDOWS\System32\RPCRT4.dll
0x00007fff10090000 - 0x00007fff10101000 	C:\WINDOWS\System32\WS2_32.dll
0x00007fff0ed60000 - 0x00007fff0edad000 	C:\WINDOWS\SYSTEM32\POWRPROF.dll
0x00007fff0a360000 - 0x00007fff0a394000 	C:\WINDOWS\SYSTEM32\WINMM.dll
0x00007fff0a290000 - 0x00007fff0a29a000 	C:\WINDOWS\SYSTEM32\VERSION.dll
0x00007fff0ed40000 - 0x00007fff0ed53000 	C:\WINDOWS\SYSTEM32\UMPDC.dll
0x00007fff0e450000 - 0x00007fff0e468000 	C:\WINDOWS\SYSTEM32\kernel.appcore.dll
0x00007ffef3360000 - 0x00007ffef336a000 	C:\Users\JOSEPH\.jdks\temurin-21.0.4\bin\jimage.dll
0x00007fff0cc80000 - 0x00007fff0ceb2000 	C:\WINDOWS\SYSTEM32\DBGHELP.DLL
0x00007fff109b0000 - 0x00007fff10d3f000 	C:\WINDOWS\System32\combase.dll
0x00007fff0ffb0000 - 0x00007fff10087000 	C:\WINDOWS\System32\OLEAUT32.dll
0x00007fff06870000 - 0x00007fff068a2000 	C:\WINDOWS\SYSTEM32\dbgcore.DLL
0x00007fff0f840000 - 0x00007fff0f8bb000 	C:\WINDOWS\System32\bcryptPrimitives.dll
0x00007fff03570000 - 0x00007fff0357f000 	C:\Users\JOSEPH\.jdks\temurin-21.0.4\bin\instrument.dll
0x00007ffeed360000 - 0x00007ffeed37f000 	C:\Users\JOSEPH\.jdks\temurin-21.0.4\bin\java.dll
0x00007fff11720000 - 0x00007fff11f96000 	C:\WINDOWS\System32\SHELL32.dll
0x00007fff0d340000 - 0x00007fff0dc43000 	C:\WINDOWS\SYSTEM32\windows.storage.dll
0x00007fff0d200000 - 0x00007fff0d33f000 	C:\WINDOWS\SYSTEM32\wintypes.dll
0x00007fff0feb0000 - 0x00007fff0ffa9000 	C:\WINDOWS\System32\SHCORE.dll
0x00007fff11fa0000 - 0x00007fff11ffe000 	C:\WINDOWS\System32\shlwapi.dll
0x00007fff0f380000 - 0x00007fff0f3ab000 	C:\WINDOWS\SYSTEM32\profapi.dll
0x00007ffec0420000 - 0x00007ffec04f7000 	C:\Users\JOSEPH\.jdks\temurin-21.0.4\bin\jsvml.dll
0x00007ffee9e60000 - 0x00007ffee9e78000 	C:\Users\JOSEPH\.jdks\temurin-21.0.4\bin\zip.dll
0x00007ffef3160000 - 0x00007ffef3170000 	C:\Users\JOSEPH\.jdks\temurin-21.0.4\bin\net.dll
0x00007fff0bbc0000 - 0x00007fff0bcf6000 	C:\WINDOWS\SYSTEM32\WINHTTP.dll
0x00007fff0e8c0000 - 0x00007fff0e929000 	C:\WINDOWS\system32\mswsock.dll
0x00007ffeea380000 - 0x00007ffeea396000 	C:\Users\JOSEPH\.jdks\temurin-21.0.4\bin\nio.dll
0x00007ffef4400000 - 0x00007ffef441a000 	C:\Program Files\JetBrains\IntelliJ IDEA Community Edition 2024.2.1\bin\breakgen64.dll
0x00007ffeec730000 - 0x00007ffeec739000 	C:\Users\JOSEPH\.jdks\temurin-21.0.4\bin\extnet.dll
0x00007fff03560000 - 0x00007fff0356a000 	C:\Users\JOSEPH\.jdks\temurin-21.0.4\bin\management.dll
0x00007fff03530000 - 0x00007fff0353b000 	C:\Users\JOSEPH\.jdks\temurin-21.0.4\bin\management_ext.dll
0x00007fff10d60000 - 0x00007fff10d68000 	C:\WINDOWS\System32\PSAPI.DLL
0x00007ffeeb960000 - 0x00007ffeeb96e000 	C:\Users\JOSEPH\.jdks\temurin-21.0.4\bin\sunmscapi.dll
0x00007fff0f610000 - 0x00007fff0f776000 	C:\WINDOWS\System32\CRYPT32.dll
0x00007fff0edf0000 - 0x00007fff0ee1d000 	C:\WINDOWS\SYSTEM32\ncrypt.dll
0x00007fff0edb0000 - 0x00007fff0ede7000 	C:\WINDOWS\SYSTEM32\NTASN1.dll

dbghelp: loaded successfully - version: 4.0.5 - missing functions: none
symbol engine: initialized successfully - sym options: 0x614 - pdb path: .;C:\Users\JOSEPH\.jdks\temurin-21.0.4\bin;C:\WINDOWS\SYSTEM32;C:\WINDOWS\WinSxS\amd64_microsoft.windows.common-controls_6595b64144ccf1df_6.0.22621.4391_none_2715d37f73803e96;C:\Users\JOSEPH\.jdks\temurin-21.0.4\bin\server;C:\Program Files\JetBrains\IntelliJ IDEA Community Edition 2024.2.1\bin

VM Arguments:
jvm_args: -javaagent:C:\Program Files\JetBrains\IntelliJ IDEA Community Edition 2024.2.1\lib\idea_rt.jar=60292:C:\Program Files\JetBrains\IntelliJ IDEA Community Edition 2024.2.1\bin -Dfile.encoding=UTF-8 -Dsun.stdout.encoding=UTF-8 -Dsun.stderr.encoding=UTF-8 
java_command: com.api.timetabler.TimetablerApplication
java_class_path (initial): C:\Users\JOSEPH\Documents\Projects\TimeTabler\target\classes;C:\Users\JOSEPH\.m2\repository\org\springframework\boot\spring-boot-starter-data-jpa\3.3.5\spring-boot-starter-data-jpa-3.3.5.jar;C:\Users\JOSEPH\.m2\repository\org\springframework\boot\spring-boot-starter-aop\3.3.5\spring-boot-starter-aop-3.3.5.jar;C:\Users\JOSEPH\.m2\repository\org\springframework\spring-aop\6.1.14\spring-aop-6.1.14.jar;C:\Users\JOSEPH\.m2\repository\org\aspectj\aspectjweaver\1.9.22.1\aspectjweaver-1.9.22.1.jar;C:\Users\JOSEPH\.m2\repository\org\springframework\boot\spring-boot-starter-jdbc\3.3.5\spring-boot-starter-jdbc-3.3.5.jar;C:\Users\JOSEPH\.m2\repository\com\zaxxer\HikariCP\5.1.0\HikariCP-5.1.0.jar;C:\Users\JOSEPH\.m2\repository\org\springframework\spring-jdbc\6.1.14\spring-jdbc-6.1.14.jar;C:\Users\JOSEPH\.m2\repository\org\hibernate\orm\hibernate-core\6.5.3.Final\hibernate-core-6.5.3.Final.jar;C:\Users\JOSEPH\.m2\repository\jakarta\persistence\jakarta.persistence-api\3.1.0\jakarta.persistence-api-3.1.0.jar;C:\Users\JOSEPH\.m2\repository\jakarta\transaction\jakarta.transaction-api\2.0.1\jakarta.transaction-api-2.0.1.jar;C:\Users\JOSEPH\.m2\repository\org\jboss\logging\jboss-logging\3.5.3.Final\jboss-logging-3.5.3.Final.jar;C:\Users\JOSEPH\.m2\repository\org\hibernate\common\hibernate-commons-annotations\6.0.6.Final\hibernate-commons-annotations-6.0.6.Final.jar;C:\Users\JOSEPH\.m2\repository\io\smallrye\jandex\3.1.2\jandex-3.1.2.jar;C:\Users\JOSEPH\.m2\repository\com\fasterxml\classmate\1.7.0\classmate-1.7.0.jar;C:\Users\JOSEPH\.m2\repository\net\bytebuddy\byte-buddy\1.14.19\byte-buddy-1.14.19.jar;C:\Users\JOSEPH\.m2\repository\org\glassfish\jaxb\jaxb-runtime\4.0.5\jaxb-runtime-4.0.5.jar;C:\Users\JOSEPH\.m2\repository\org\glassfish\jaxb\jaxb-core\4.0.5\jaxb-core-4.0.5.jar;C:\Users\JOSEPH\.m2\repository\org\eclipse\angus\angus-activation\2.0.2\angus-activation-2.0.2.jar;C:\Users\JOSEPH\.m2\repository\org\glassfish\jaxb\txw2\4.0.5\txw2-4.0.5.jar;C:\Users\JOSEPH\.m2\repository\com\sun\istack\istack-commons-runtime\4.1.2\istack-commons-runtime-4.1.2.jar;C:\Users\JOSEPH\.m2\repository\jakarta\inject\jakarta.inject-api\2.0.1\jakarta.inject-api-2.0.1.jar;C:\Users\JOSEPH\.m2\repository\org\antlr\antlr4-runtime\4.13.0\antlr4-runtime-4.13.0.jar;C:\Users\JOSEPH\.m2\repository\org\springframework\data\spring-data-jpa\3.3.5\spring-data-jpa-3.3.5.jar;C:\Users\JOSEPH\.m2\repository\org\springframework\data\spring-data-commons\3.3.5\spring-data-commons-3.3.5.jar;C:\Users\JOSEPH\.m2\repository\org\springframework\spring-orm\6.1.14\spring-orm-6.1.14.jar;C:\Users\JOSEPH\.m2\repository\org\springframework\spring-context\6.1.14\spring-context-6.1.14.jar;C:\Users\JOSEPH\.m2\repository\org\springframework\spring-tx\6.1.14\spring-tx-6.1.14.jar;C:\Users\JOSEPH\.m2\repository\org\springframework\spring-beans\6.1.14\spring-beans-6.1.14.jar;C:\Users\JOSEPH\.m2\repository\jakarta\annotation\jakarta.annotation-api\2.1.1\jakarta.annotation-api-2.1.1.jar;C:\Users\JOSEPH\.m2\repository\org\slf4j\slf4j-api\2.0.16\slf4j-api-2.0.16.jar;C:\Users\JOSEPH\.m2\repository\org\springframework\spring-aspects\6.1.14\spring-aspects-6.1.14.jar;C:\Users\JOSEPH\.m2\repository\org\springframework\boot\spring-boot-starter-web\3.3.5\spring-boot-starter-web-3.3.5.jar;C:\Users\JOSEPH\.m2\repository\org\springframework\boot\spring-boot-starter\3.3.5\spring-boot-starter-3.3.5.jar;C:\Users\JOSEPH\.m2\repository\org\springframework\boot\spring-boot-starter-logging\3.3.5\spring-boot-starter-logging-3.3.5.jar;C:\Users\JOSEPH\.m2\repository\ch\qos\logback\logback-classic\1.5.11\logback-classic-1.5.11.jar;C:\Users\JOSEPH\.m2\repository\ch\qos\logback\logback-core\1.5.11\logback-core-1.5.11.jar;C:\Users\JOSEPH\.m2\repository\org\apache\logging\log4j\log4j-to-slf4j\2.23.1\log4j-to-slf4j-2.23.1.jar;C:\Users\JOSEPH\.m2\repository\org\apache\logging\log4j\log4j-api\2.23.1\log4j-api-2.23.1.jar;C:\Users\JOSEPH\.m2\repository\org\slf4j\jul-to-slf4j\2.0.16\jul-to-slf4j-2.0.16.jar;C:\Users\JOSEPH\.m2\repository\org\yaml\snakeyaml\2.2\snakeyaml-2.2.jar;C:\Users\JOSEPH\.m2\repository\org\springframework\boot\spring-boot-starter-json\3.3.5\spring-boot-starter-json-3.3.5.jar;C:\Users\JOSEPH\.m2\repository\com\fasterxml\jackson\core\jackson-databind\2.17.2\jackson-databind-2.17.2.jar;C:\Users\JOSEPH\.m2\repository\com\fasterxml\jackson\core\jackson-annotations\2.17.2\jackson-annotations-2.17.2.jar;C:\Users\JOSEPH\.m2\repository\com\fasterxml\jackson\core\jackson-core\2.17.2\jackson-core-2.17.2.jar;C:\Users\JOSEPH\.m2\repository\com\fasterxml\jackson\datatype\jackson-datatype-jdk8\2.17.2\jackson-datatype-jdk8-2.17.2.jar;C:\Users\JOSEPH\.m2\repository\com\fasterxml\jackson\datatype\jackson-datatype-jsr310\2.17.2\jackson-datatype-jsr310-2.17.2.jar;C:\Users\JOSEPH\.m2\repository\com\fasterxml\jackson\module\jackson-module-parameter-names\2.17.2\jackson-module-parameter-names-2.17.2.jar;C:\Users\JOSEPH\.m2\repository\org\springframework\boot\spring-boot-starter-tomcat\3.3.5\spring-boot-starter-tomcat-3.3.5.jar;C:\Users\JOSEPH\.m2\repository\org\apache\tomcat\embed\tomcat-embed-core\10.1.31\tomcat-embed-core-10.1.31.jar;C:\Users\JOSEPH\.m2\repository\org\apache\tomcat\embed\tomcat-embed-el\10.1.31\tomcat-embed-el-10.1.31.jar;C:\Users\JOSEPH\.m2\repository\org\apache\tomcat\embed\tomcat-embed-websocket\10.1.31\tomcat-embed-websocket-10.1.31.jar;C:\Users\JOSEPH\.m2\repository\org\springframework\spring-web\6.1.14\spring-web-6.1.14.jar;C:\Users\JOSEPH\.m2\repository\io\micrometer\micrometer-observation\1.13.6\micrometer-observation-1.13.6.jar;C:\Users\JOSEPH\.m2\repository\io\micrometer\micrometer-commons\1.13.6\micrometer-commons-1.13.6.jar;C:\Users\JOSEPH\.m2\repository\org\springframework\spring-webmvc\6.1.14\spring-webmvc-6.1.14.jar;C:\Users\JOSEPH\.m2\repository\org\springframework\spring-expression\6.1.14\spring-expression-6.1.14.jar;C:\Users\JOSEPH\.m2\repository\org\springframework\boot\spring-boot-devtools\3.3.5\spring-boot-devtools-3.3.5.jar;C:\Users\JOSEPH\.m2\repository\org\springframework\boot\spring-boot\3.3.5\spring-boot-3.3.5.jar;C:\Users\JOSEPH\.m2\repository\org\springframework\boot\spring-boot-autoconfigure\3.3.5\spring-boot-autoconfigure-3.3.5.jar;C:\Users\JOSEPH\.m2\repository\org\postgresql\postgresql\42.7.4\postgresql-42.7.4.jar;C:\Users\JOSEPH\.m2\repository\org\checkerframework\checker-qual\3.42.0\checker-qual-3.42.0.jar;C:\Users\JOSEPH\.m2\repository\jakarta\xml\bind\jakarta.xml.bind-api\4.0.2\jakarta.xml.bind-api-4.0.2.jar;C:\Users\JOSEPH\.m2\repository\jakarta\activation\jakarta.activation-api\2.1.3\jakarta.activation-api-2.1.3.jar;C:\Users\JOSEPH\.m2\repository\org\springframework\spring-core\6.1.14\spring-core-6.1.14.jar;C:\Users\JOSEPH\.m2\repository\org\springframework\spring-jcl\6.1.14\spring-jcl-6.1.14.jar
Launcher Type: SUN_STANDARD

[Global flags]
     intx CICompilerCount                          = 4                                         {product} {ergonomic}
     uint ConcGCThreads                            = 2                                         {product} {ergonomic}
     uint G1ConcRefinementThreads                  = 8                                         {product} {ergonomic}
   size_t G1HeapRegionSize                         = 1048576                                   {product} {ergonomic}
    uintx GCDrainStackTargetSize                   = 64                                        {product} {ergonomic}
   size_t InitialHeapSize                          = 132120576                                 {product} {ergonomic}
   size_t MarkStackSize                            = 4194304                                   {product} {ergonomic}
   size_t MaxHeapSize                              = 2099249152                                {product} {ergonomic}
   size_t MaxNewSize                               = 1259339776                                {product} {ergonomic}
   size_t MinHeapDeltaBytes                        = 1048576                                   {product} {ergonomic}
   size_t MinHeapSize                              = 8388608                                   {product} {ergonomic}
    uintx NonNMethodCodeHeapSize                   = 5839372                                {pd product} {ergonomic}
    uintx NonProfiledCodeHeapSize                  = 122909434                              {pd product} {ergonomic}
    uintx ProfiledCodeHeapSize                     = 122909434                              {pd product} {ergonomic}
    uintx ReservedCodeCacheSize                    = 251658240                              {pd product} {ergonomic}
     bool SegmentedCodeCache                       = true                                      {product} {ergonomic}
   size_t SoftMaxHeapSize                          = 2099249152                             {manageable} {ergonomic}
     bool UseCompressedOops                        = true                           {product lp64_product} {ergonomic}
     bool UseG1GC                                  = true                                      {product} {ergonomic}
     bool UseLargePagesIndividualAllocation        = false                                  {pd product} {ergonomic}

Logging:
Log output configuration:
 #0: stdout all=warning uptime,level,tags foldmultilines=false
 #1: stderr all=off uptime,level,tags foldmultilines=false

Environment Variables:
PATH=C:\Program Files (x86)\Common Files\Oracle\Java\java8path;C:\Program Files (x86)\Common Files\Oracle\Java\javapath;C:\Python312\Scripts\;C:\Python312\;C:\Program Files\Eclipse Adoptium\jdk-17.0.11.9-hotspot\bin;C:\Program Files (x86)\Common Files\Intel\Shared Libraries\redist\intel64\compiler;C:\WINDOWS\system32;C:\WINDOWS;C:\WINDOWS\System32\Wbem;C:\WINDOWS\System32\WindowsPowerShell\v1.0\;C:\WINDOWS\System32\OpenSSH\;C:\Program Files\Microsoft SQL Server\150\Tools\Binn\;C:\Program Files (x86)\Windows Kits\10\Windows Performance Toolkit\;C:\Program Files\CMake\bin;C:\Program Files\nodejs\;C:\ProgramData\chocolatey\bin;C:\Program Files\MySQL\MySQL Shell 8.0\bin\;C:\Users\JOSEPH\AppData\Local\Microsoft\WindowsApps;C:\Users\JOSEPH\AppData\Local\Programs\Microsoft VS Code\bin;C:\Users\JOSEPH\.dotnet\tools;C:\Program Files\JetBrains\PyCharm Edu 2022.2.2\bin;D:\Programs\godot_v421;C:\Program Files\Android\Android Studio\bin;C:\Program Files\Win64Devkit\bin;C:\Program Files\Neovim\bin;C:\Users\JOSEPH\AppData\Local\Android\Sdk\platform-tools;D:\Programs\pycharm\PyCharm Community Edition 2024.2.0.1\bin;C:\Program Files\JetBrains\IntelliJ IDEA Community Edition 2024.2.1\bin;C:\Users\JOSEPH\AppData\Roaming\npm;C:\Users\JOSEPH\AppData\Local\GitHubDesktop\bin
USERNAME=JOSEPH
OS=Windows_NT
PROCESSOR_IDENTIFIER=Intel64 Family 6 Model 142 Stepping 12, GenuineIntel
TMP=C:\Users\JOSEPH\AppData\Local\Temp
TEMP=C:\Users\JOSEPH\AppData\Local\Temp




Periodic native trim disabled

---------------  S Y S T E M  ---------------

OS:
 Windows 11 , 64 bit Build 22621 (10.0.22621.4391)
OS uptime: 0 days 4:00 hours
Hyper-V role detected

CPU: total 8 (initial active 8) (4 cores per cpu, 2 threads per core) family 6 model 142 stepping 12 microcode 0xf8, cx8, cmov, fxsr, ht, mmx, 3dnowpref, sse, sse2, sse3, ssse3, sse4.1, sse4.2, popcnt, lzcnt, tsc, tscinvbit, avx, avx2, aes, erms, clmul, bmi1, bmi2, adx, fma, vzeroupper, clflush, clflushopt, hv, rdtscp, f16c
Processor Information for all 8 processors :
  Max Mhz: 1896, Current Mhz: 1596, Mhz Limit: 1592

Memory: 4k page, system-wide physical 8006M (742M free)
TotalPageFile size 12102M (AvailPageFile size 4M)
current process WorkingSet (physical memory assigned to process): 167M, peak: 167M
current process commit charge ("private bytes"): 293M, peak: 294M

vm_info: OpenJDK 64-Bit Server VM (21.0.4+7-LTS) for windows-amd64 JRE (21.0.4+7-LTS), built on 2024-07-16T00:00:00Z by "admin" with MS VC++ 17.7 (VS2022)

END.
